<?xml version="1.0" encoding="UTF-8"?>
<!-- Generated by org.testng.reporters.JUnitReportReporter -->
<testsuite hostname="Aruns-MacBook-Pro.local" failures="0" tests="1" name="com.veeva.nba.runner.runner" time="9.618" errors="0" timestamp="2024-03-04T00:22:58 IST" skipped="0">
  <testcase classname="com.veeva.nba.runner.runner" name="runScenario" time="9.618"/>
</testsuite> <!-- com.veeva.nba.runner.runner -->
